<?xml version="1.0" encoding="UTF-8"?>
<testsuite name="MyHashMapTest" tests="1" skipped="0" failures="0" errors="0" timestamp="2021-10-12T10:36:35" hostname="shewale-PC" time="0.004">
  <properties/>
  <testcase name="givenASentence_WhenWordsAreAddedToList_ShouldReturnWordFrequency" classname="MyHashMapTest" time="0.004"/>
  <system-out><![CDATA[LinkedListNodes{com.bl.HashTabel.LinkedList@4abfa251}
]]></system-out>
  <system-err><![CDATA[]]></system-err>
</testsuite>
